[debug] [2017-09-03T22:48:22.265Z] ----------------------------------------------------------------------
[debug] [2017-09-03T22:48:22.267Z] Command:      C:\Program Files\nodejs\node.exe C:\Users\SethP\AppData\Roaming\npm\node_modules\firebase-tools\bin\firebase serve
[debug] [2017-09-03T22:48:22.267Z] CLI Version:  3.9.1
[debug] [2017-09-03T22:48:22.267Z] Platform:     win32
[debug] [2017-09-03T22:48:22.267Z] Node Version: v8.1.3
[debug] [2017-09-03T22:48:22.267Z] Time:         Sun Sep 03 2017 18:48:22 GMT-0400 (Eastern Daylight Time)
[debug] [2017-09-03T22:48:22.267Z] ----------------------------------------------------------------------
[debug] 
[debug] [2017-09-03T22:48:22.289Z] > command requires scopes: ["email","openid","https://www.googleapis.com/auth/cloudplatformprojects.readonly","https://www.googleapis.com/auth/firebase","https://www.googleapis.com/auth/cloud-platform"]
[debug] [2017-09-03T22:48:22.290Z] > authorizing via signed-in user
[debug] [2017-09-03T22:48:22.292Z] > refreshing access token with scopes: ["email","https://www.googleapis.com/auth/cloud-platform","https://www.googleapis.com/auth/cloudplatformprojects.readonly","https://www.googleapis.com/auth/firebase","openid"]
[debug] [2017-09-03T22:48:22.292Z] >>> HTTP REQUEST POST https://www.googleapis.com/oauth2/v3/token { refresh_token: '1/I39VHTczljq5LyoY6dtw6A-tJr0rk-2MrRJNuS_OUso',
  client_id: '563584335869-fgrhgmd47bqnekij5i8b5pr03ho849e6.apps.googleusercontent.com',
  client_secret: 'j9iVZfS8kkCEFUPaAeJV0sAi',
  grant_type: 'refresh_token',
  scope: 'email https://www.googleapis.com/auth/cloud-platform https://www.googleapis.com/auth/cloudplatformprojects.readonly https://www.googleapis.com/auth/firebase openid' } 
 Sun Sep 03 2017 18:48:22 GMT-0400 (Eastern Daylight Time)
[debug] [2017-09-03T22:48:22.434Z] <<< HTTP RESPONSE 200
[debug] [2017-09-03T22:48:22.438Z] >>> HTTP REQUEST GET https://admin.firebase.com/v1/projects/grand-overland-website  
 Sun Sep 03 2017 18:48:22 GMT-0400 (Eastern Daylight Time)
[debug] [2017-09-03T22:48:22.750Z] <<< HTTP RESPONSE 200
[debug] [2017-09-03T22:48:22.750Z] >>> HTTP REQUEST GET https://admin.firebase.com/v1/database/grand-overland-website/tokens  
 Sun Sep 03 2017 18:48:22 GMT-0400 (Eastern Daylight Time)
[debug] [2017-09-03T22:48:23.174Z] <<< HTTP RESPONSE 200
[info] 
[info] === Serving from 'C:\Users\SethP\Documents\GitHub\The-Grand-Overland'...
[info] 
[debug] [2017-09-03T22:48:23.177Z] >>> HTTP REQUEST GET https://cloudresourcemanager.googleapis.com/v1/projects/grand-overland-website  
 Sun Sep 03 2017 18:48:23 GMT-0400 (Eastern Daylight Time)
[debug] [2017-09-03T22:48:23.432Z] <<< HTTP RESPONSE 200
[debug] [2017-09-03T22:48:23.432Z] >>> HTTP REQUEST GET https://mobilesdk-pa.googleapis.com/v1/projects/45503364286/clients/_:getWebAppConfig  
 Sun Sep 03 2017 18:48:23 GMT-0400 (Eastern Daylight Time)
[debug] [2017-09-03T22:48:23.811Z] <<< HTTP RESPONSE 200
[info] i  hosting: Serving hosting files from: public
[info] +  hosting: Local server: http://localhost:5000

[info] Shutting down...
